2023-08-06 17:18:13,949 - open youtube
2023-08-06 17:18:26,452 - 
2023-08-06 17:18:26,495 - Imported existing <module 'comtypes.gen' from 'C:\\Files\\Python Projects\\Assistant\\venv\\Lib\\site-packages\\comtypes\\gen\\__init__.py'>
2023-08-06 17:18:26,495 - Using writeable comtypes cache directory: 'C:\Files\Python Projects\Assistant\venv\Lib\site-packages\comtypes\gen'
2023-08-06 17:18:30,115 - Unknown command: 
2023-08-06 17:18:34,492 - open spotify
2023-08-06 17:18:45,407 - 
2023-08-06 17:18:48,954 - Unknown command: 
2023-08-06 17:18:58,291 - play video
2023-08-06 17:19:01,829 - Unknown command: play video
2023-08-06 17:19:05,373 - 
2023-08-06 17:19:08,910 - Unknown command: 
2023-08-06 17:19:12,433 - 
2023-08-06 17:19:15,952 - Unknown command: 
2023-08-06 17:19:19,808 - play video
2023-08-06 17:19:23,347 - Unknown command: play video
2023-08-06 17:19:26,868 - 
2023-08-06 17:19:30,408 - Unknown command: 
2023-08-06 17:19:33,876 - 
2023-08-06 17:19:37,401 - Unknown command: 
2023-08-06 17:19:40,723 - 
2023-08-06 17:19:44,273 - Unknown command: 
2023-08-06 17:19:47,720 - 
2023-08-06 17:19:49,976 - 
2023-08-06 17:19:51,262 - Unknown command: 
2023-08-06 17:19:55,243 - open video
2023-08-06 17:20:02,938 - amanda's treat you better
2023-08-06 17:20:09,526 - what time
2023-08-06 17:20:13,029 - Unknown command: what time
2023-08-06 17:20:16,784 - 
2023-08-06 17:20:20,293 - Unknown command: 
2023-08-06 17:20:24,466 - open youtube
2023-08-06 17:20:28,034 - 
2023-08-06 17:20:31,569 - Unknown command: 
2023-08-10 22:08:31,494 - is the lotto numbers
2023-08-10 22:08:31,582 - Could not import comtypes.gen, trying to create it.
2023-08-10 22:08:31,582 - Created comtypes.gen directory: 'C:\Users\User\AppData\Local\Programs\Python\Python311\Lib\site-packages\comtypes\gen'
2023-08-10 22:08:31,583 - Writing __init__.py file: 'C:\Users\User\AppData\Local\Programs\Python\Python311\Lib\site-packages\comtypes\gen\__init__.py'
2023-08-10 22:08:31,588 - Using writeable comtypes cache directory: 'C:\Users\User\AppData\Local\Programs\Python\Python311\Lib\site-packages\comtypes\gen'
2023-08-10 22:08:31,603 - Could not import comtypes.gen._C866CA3A_32F7_11D2_9602_00C04F8EE628_0_5_4: No module named 'comtypes.gen._C866CA3A_32F7_11D2_9602_00C04F8EE628_0_5_4'
2023-08-10 22:08:31,604 - # Generating comtypes.gen._C866CA3A_32F7_11D2_9602_00C04F8EE628_0_5_4
2023-08-10 22:08:31,665 - Could not import comtypes.gen._00020430_0000_0000_C000_000000000046_0_2_0: No module named 'comtypes.gen._00020430_0000_0000_C000_000000000046_0_2_0'
2023-08-10 22:08:31,665 - # Generating comtypes.gen._00020430_0000_0000_C000_000000000046_0_2_0
2023-08-10 22:08:31,682 - Could not import comtypes.gen.stdole: No module named 'comtypes.gen.stdole'
2023-08-10 22:08:31,682 - # Generating comtypes.gen.stdole
2023-08-10 22:08:31,800 - Could not import comtypes.gen.SpeechLib: No module named 'comtypes.gen.SpeechLib'
2023-08-10 22:08:31,800 - # Generating comtypes.gen.SpeechLib
2023-08-10 22:08:35,468 - Unknown command: is the lotto numbers
2023-08-10 22:08:38,770 - 
2023-08-10 22:08:42,258 - Unknown command: 
2023-08-10 22:09:01,831 - 
2023-08-10 22:09:01,865 - Imported existing <module 'comtypes.gen' from 'C:\\Users\\User\\AppData\\Local\\Programs\\Python\\Python311\\Lib\\site-packages\\comtypes\\gen\\__init__.py'>
2023-08-10 22:09:01,866 - Using writeable comtypes cache directory: 'C:\Users\User\AppData\Local\Programs\Python\Python311\Lib\site-packages\comtypes\gen'
2023-08-10 22:09:05,403 - Unknown command: 
2023-08-10 22:09:14,812 - sorry i don't understand that i want my sister
2023-08-10 22:09:18,335 - Unknown command: sorry i don't understand that i want my sister
2023-08-15 21:13:09,569 - open youtube
2023-08-18 15:58:51,154 - open video
2023-08-18 15:58:51,218 - Imported existing <module 'comtypes.gen' from 'C:\\Users\\User\\AppData\\Local\\Programs\\Python\\Python311\\Lib\\site-packages\\comtypes\\gen\\__init__.py'>
2023-08-18 15:58:51,218 - Using writeable comtypes cache directory: 'C:\Users\User\AppData\Local\Programs\Python\Python311\Lib\site-packages\comtypes\gen'
2023-08-18 15:59:05,642 - shawn mendes treat you better
2023-08-18 15:59:11,027 - bye-bye
2023-08-18 15:59:14,528 - Unknown command: bye-bye
2023-08-18 16:00:02,121 - play music
2023-08-18 16:00:02,153 - Imported existing <module 'comtypes.gen' from 'C:\\Users\\User\\AppData\\Local\\Programs\\Python\\Python311\\Lib\\site-packages\\comtypes\\gen\\__init__.py'>
2023-08-18 16:00:02,153 - Using writeable comtypes cache directory: 'C:\Users\User\AppData\Local\Programs\Python\Python311\Lib\site-packages\comtypes\gen'
2023-08-18 16:00:10,560 - shawn mendes treat you better
2023-08-26 00:16:43,041 - 
2023-08-26 00:16:43,073 - Imported existing <module 'comtypes.gen' from 'C:\\Users\\User\\AppData\\Local\\Programs\\Python\\Python311\\Lib\\site-packages\\comtypes\\gen\\__init__.py'>
2023-08-26 00:16:43,073 - Using writeable comtypes cache directory: 'C:\Users\User\AppData\Local\Programs\Python\Python311\Lib\site-packages\comtypes\gen'
2023-08-26 00:16:46,724 - Unknown command: 
2023-08-26 00:16:51,837 - what time is it
2023-08-26 00:16:59,253 - The current time is 00:16 and the date is 2023-08-26.
2023-08-26 00:17:07,793 - 
2023-08-26 00:17:11,322 - Unknown command: 
2023-08-26 00:17:16,339 - 
2023-08-26 00:17:19,865 - Unknown command: 
2023-08-26 00:17:23,233 - 
2023-08-26 00:17:26,758 - Unknown command: 
2023-08-26 00:17:29,996 - 
2023-08-26 00:17:33,521 - Unknown command: 
2023-08-26 00:17:38,312 - 
2023-08-26 00:17:41,831 - Unknown command: 
2023-08-26 00:28:49,917 - 
2023-08-26 00:28:49,940 - Imported existing <module 'comtypes.gen' from 'C:\\Users\\User\\AppData\\Local\\Programs\\Python\\Python311\\Lib\\site-packages\\comtypes\\gen\\__init__.py'>
2023-08-26 00:28:49,941 - Using writeable comtypes cache directory: 'C:\Users\User\AppData\Local\Programs\Python\Python311\Lib\site-packages\comtypes\gen'
2023-08-26 00:28:53,439 - Unknown command: 
2023-08-26 00:28:56,801 - 
2023-08-26 00:29:00,288 - Unknown command: 
2023-08-26 00:29:16,238 - leave assistant
2023-08-26 00:29:33,099 - stop assistant
2023-08-26 00:29:56,304 - get weather
2023-08-26 00:29:56,908 - Imported existing <module 'comtypes.gen' from 'C:\\Users\\User\\AppData\\Local\\Programs\\Python\\Python311\\Lib\\site-packages\\comtypes\\gen\\__init__.py'>
2023-08-26 00:29:56,908 - Using writeable comtypes cache directory: 'C:\Users\User\AppData\Local\Programs\Python\Python311\Lib\site-packages\comtypes\gen'
2023-08-26 00:30:00,836 - Sorry, I couldn't fetch the weather information.
2023-08-26 00:30:03,054 - 
2023-08-26 00:30:06,661 - Unknown command: 
2023-08-26 00:30:10,017 - tell me a joke
2023-08-26 00:30:15,160 - I only know 25 letters of the alphabet. I don't know y.
2023-08-26 00:30:17,501 - 
2023-08-26 00:30:21,110 - Unknown command: 
2023-08-26 00:30:23,867 - stop
2023-08-26 00:30:27,469 - Unknown command: stop
2023-08-26 00:30:30,405 - stop assistant
2023-08-26 00:30:56,551 - open this computer
2023-08-26 00:30:59,697 - Opening 'This PC' or 'My Computer'.
2023-08-26 00:31:01,764 - 
2023-08-26 00:31:05,378 - Unknown command: 
2023-08-26 00:31:08,225 - rename folder
2023-08-26 00:31:58,734 - this computer
2023-08-26 00:32:01,994 - 
2023-08-26 00:32:05,599 - Unknown command: 
2023-08-26 00:32:08,798 - stop assistant
2023-08-26 00:32:38,816 - email
2023-08-26 00:32:49,569 - n1 d l e e at gmail.com
2023-08-26 00:32:56,105 - 
2023-08-26 00:32:59,318 - 
2023-08-26 00:33:02,933 - Unknown command: 
2023-08-26 00:33:06,453 - leave assistant
2023-08-26 00:36:37,289 - open discord
2023-08-26 00:36:37,312 - Imported existing <module 'comtypes.gen' from 'C:\\Users\\User\\AppData\\Local\\Programs\\Python\\Python311\\Lib\\site-packages\\comtypes\\gen\\__init__.py'>
2023-08-26 00:36:37,313 - Using writeable comtypes cache directory: 'C:\Users\User\AppData\Local\Programs\Python\Python311\Lib\site-packages\comtypes\gen'
2023-08-26 00:36:40,953 - Unknown command: open discord
2023-08-26 00:36:44,978 - open discord
2023-08-26 00:36:48,584 - Unknown command: open discord
2023-08-26 00:36:51,894 - leave assistant
2023-08-26 00:37:03,565 - open discord
2023-08-26 00:37:03,594 - Imported existing <module 'comtypes.gen' from 'C:\\Users\\User\\AppData\\Local\\Programs\\Python\\Python311\\Lib\\site-packages\\comtypes\\gen\\__init__.py'>
2023-08-26 00:37:03,594 - Using writeable comtypes cache directory: 'C:\Users\User\AppData\Local\Programs\Python\Python311\Lib\site-packages\comtypes\gen'
2023-08-26 00:37:10,367 - open telegram
2023-08-26 00:37:16,890 - leaf assistant
2023-08-26 00:37:20,497 - Unknown command: leaf assistant
2023-08-26 00:37:23,545 - leave assistant
2023-08-26 00:37:48,575 - open telegram
2023-08-26 00:37:48,605 - Imported existing <module 'comtypes.gen' from 'C:\\Users\\User\\AppData\\Local\\Programs\\Python\\Python311\\Lib\\site-packages\\comtypes\\gen\\__init__.py'>
2023-08-26 00:37:48,605 - Using writeable comtypes cache directory: 'C:\Users\User\AppData\Local\Programs\Python\Python311\Lib\site-packages\comtypes\gen'
2023-08-26 00:37:59,870 - open main folder
2023-08-26 00:37:59,923 - Imported existing <module 'comtypes.gen' from 'C:\\Users\\User\\AppData\\Local\\Programs\\Python\\Python311\\Lib\\site-packages\\comtypes\\gen\\__init__.py'>
2023-08-26 00:37:59,923 - Using writeable comtypes cache directory: 'C:\Users\User\AppData\Local\Programs\Python\Python311\Lib\site-packages\comtypes\gen'
2023-08-26 00:38:03,080 - Opening 'This PC' or 'My Computer'.
2023-08-26 00:38:07,179 - alief assistant
2023-08-26 00:38:10,786 - Unknown command: alief assistant
2023-08-26 00:38:14,133 - leave assistant
